<?xml version="1.0" encoding="UTF-8"?>
<!-- Generated by org.testng.reporters.JUnitReportReporter -->
<testsuite hostname="Manjeet" failures="0" tests="1" name="hrms1.WebDriverTestng" time="7.881" errors="0" timestamp="2024-10-12T14:09:31 IST" skipped="0">
  <testcase classname="hrms1.WebDriverTestng" name="login" time="7.881"/>
  <system-out/>
</testsuite> <!-- hrms1.WebDriverTestng -->
