<?xml version="1.0" encoding="UTF-8"?>
<!-- Generated by org.testng.reporters.JUnitReportReporter -->
<testsuite hostname="Manjeet" failures="0" tests="5" name="hrms1.Testng_Login_out2" time="15.086" errors="0" timestamp="2024-10-12T16:21:07 IST" skipped="0">
  <testcase classname="hrms1.Testng_Login_out2" name="browser" time="5.674"/>
  <system-out/>
  <testcase classname="hrms1.Testng_Login_out2" name="openurl" time="3.382"/>
  <system-out/>
  <testcase classname="hrms1.Testng_Login_out2" name="login" time="2.647"/>
  <system-out/>
  <testcase classname="hrms1.Testng_Login_out2" name="logout" time="3.136"/>
  <system-out/>
  <testcase classname="hrms1.Testng_Login_out2" name="quit" time="0.247"/>
  <system-out/>
</testsuite> <!-- hrms1.Testng_Login_out2 -->
