<?xml version="1.0" encoding="UTF-8"?>
<!-- Generated by org.testng.reporters.JUnitReportReporter -->
<testsuite hostname="Manjeet" failures="0" tests="2" name="hrms1.TestingAnnotation_Examp" time="0.013" errors="0" timestamp="2024-10-12T13:29:13 IST" skipped="0">
  <testcase classname="hrms1.TestingAnnotation_Examp" name="login" time="0.013"/>
  <system-out/>
  <testcase classname="hrms1.TestingAnnotation_Examp" name="logout" time="0.000"/>
  <system-out/>
</testsuite> <!-- hrms1.TestingAnnotation_Examp -->
