<?xml version="1.0" encoding="UTF-8"?>
<!-- Generated by org.testng.reporters.JUnitReportReporter -->
<testsuite hostname="Manjeet" failures="0" tests="4" name="hrms1.TestingAnnotation_Examp2" time="0.014" errors="0" timestamp="2024-10-12T13:37:46 IST" skipped="0">
  <testcase classname="hrms1.TestingAnnotation_Examp2" name="login" time="0.011"/>
  <system-out/>
  <testcase classname="hrms1.TestingAnnotation_Examp2" name="Delete" time="0.001"/>
  <system-out/>
  <testcase classname="hrms1.TestingAnnotation_Examp2" name="add" time="0.001"/>
  <system-out/>
  <testcase classname="hrms1.TestingAnnotation_Examp2" name="logout" time="0.001"/>
  <system-out/>
</testsuite> <!-- hrms1.TestingAnnotation_Examp2 -->
