<?xml version="1.0" encoding="UTF-8"?>
<!-- Generated by org.testng.reporters.JUnitReportReporter -->
<testsuite hostname="Manjeet" failures="0" tests="1" name="hrms.testscript.TC002" time="8.643" errors="0" timestamp="2024-10-12T17:18:16 IST" skipped="0">
  <testcase classname="hrms.testscript.TC002" name="tc002" time="8.643"/>
  <system-out/>
</testsuite> <!-- hrms.testscript.TC002 -->
